{0,
{4f433af4-ef85-46ed-8ad6-b1f32708920e,"Локальный кластер",1541,"LOGRUS-TS",0,0,0,0,7000000,60,0,
{1,
{"LOGRUS-TS",1541}
},0,0,0},
{7,
{62400678-f606-4a18-83d9-3ac693657ed3,"AmberHR","","MSSQLServer","LOGRUS-APP\AMBER_SQL","AmberHR","sa","+5h4DB1f4t5o1sYhJS/GxHNmvVdPZtYQC6yKOihJg/c=","DB=AmberHR;DBMS=MSSQLServer;DBSrvr=LOGRUS-APP\AMBER_SQL;DBUID=sa;Descr=;LicDstr=Y;Locale=ru_RU;Ref=AmberHR;SLev=0;SQLYOffs=2000;Srvr=LOGRUS-TS",0,
{0,00010101000000,00010101000000,"","",""},0,1,"",0,"","",126279},
{ac6f523d-7d36-409a-a791-8a778b0dec8a,"AmberAcc","","MSSQLServer","LOGRUS-APP\AMBER_SQL","AmberAcc","sa","+5h4DB1f4t5o1sYhJS/GxCB/VMrhk4mQ1KQAkhbH+zU=","DB=AmberAcc;DBMS=MSSQLServer;DBSrvr=LOGRUS-APP\AMBER_SQL;DBUID=sa;Descr=;LicDstr=Y;Locale=ru_RU;Ref=AmberAcc;SchJobDn=Y;SLev=0;SQLYOffs=2000;Srvr=LOGRUS-TS",0,
{0,00010101000000,00010101000000,"","",""},0,1,"",0,"","",3475704},
{89340429-e031-413a-84e7-d21530680985,"AmberAcc_Audit","","MSSQLServer","LOGRUS-APP\AMBER_SQL","AmberAcc_Audit","sa","+5h4DB1f4t5o1sYhJS/GxFE5hAazD/O9fjapVfcN83Y=","CrSQLDB=Y;DB=AmberAcc_Audit;DBMS=MSSQLServer;DBSrvr=LOGRUS-APP\AMBER_SQL;DBUID=sa;LIC=2856963214744979782;LicDstr=Y;Locale=ru_RU;Ref=AmberAcc_Audit;SchJobDn=Y;SLev=0;SQLYOffs=2000;Srvr=LOGRUS-TS;SUsr=",0,
{0,00010101000000,00010101000000,"","",""},1,1,"",0,"","",0},
{7634391c-c12f-4853-bf90-cd108b4c7c04,"PRD_PAYROLL_AMBER","","MSSQLServer","LOGRUS-APP\AMBER_SQL","PRD_PAYROLL_AMBER","sa","wkYi/3NhQLsGNR9IETp8CURkQ8ZHkv6mUdyVgg0Q3pc=","CrSQLDB=Y;DB=PRD_PAYROLL_AMBER;DBMS=MSSQLServer;DBSrvr=LOGRUS-APP\AMBER_SQL;DBUID=sa;Descr=;LicDstr=Y;Locale=ru_RU;Ref=PRD_PAYROLL_AMBER;SLev=0;SQLYOffs=2000;Srvr=LOGRUS-TS",0,
{0,00010101000000,00010101000000,"Для администратора:
Для того чтобы разрешить работу пользователей, воспользуйтесь консолью кластера серверов или запустите ""1С:Предприятие"" с параметрами:
ENTERPRISE /S""LOGRUS-TS:1541\PRD_PAYROLL_AMBER"" /CРазрешитьРаботуПользователей /UC<код разрешения>","",""},0,1,"",0,"","",3002795},
{eea926c3-97df-4acc-b27f-6e149defdd7a,"AmberTrade","","MSSQLServer","LOGRUS-APP\AMBER_SQL","AmberTrade","sa","wkYi/3NhQLsGNR9IETp8Ce/P5L8eACCrHWfaXl7g0VI=","DB=AmberTrade;DBMS=MSSQLServer;DBSrvr=LOGRUS-APP\AMBER_SQL;DBUID=sa;Descr=;LicDstr=Y;Locale=ru_RU;Ref=AmberTrade;SchJobDn=Y;SLev=0;SQLYOffs=2000;Srvr=LOGRUS-TS",0,
{0,00010101000000,00010101000000,"","123456",""},0,1,"",0,"","",4194139},
{0587db3b-72eb-4f94-8fc8-cb67c5846e22,"TST1_TRADE_AMBER","","MSSQLServer","LOGRUS-APP\AMBER_SQL","TST1_TRADE_AMBER","sa","yKvBV/HZHHuMG18HS+ve16s5MhxWcgA7t9pGK+N0BD4=","DB=TST1_TRADE_AMBER;DBMS=MSSQLServer;DBSrvr=LOGRUS-APP\AMBER_SQL;DBUID=sa;Descr=TST1_TRADE_AMBERTST1_TRADE_AMBER;LicDstr=Y;Locale=ru_RU;Ref=TST1_TRADE_AMBER;SLev=0;SQLYOffs=2000;Srvr=LOGRUS-TS",0,
{1,00010101000000,00010101000000,"","",""},1,1,"",0,"","",2122080},
{3e7b06f6-a2c1-4e72-ab8e-00a46a3b1fdf,"TMP_DB_For_FTP","Временная база для обмена с фтп","MSSQLServer","LOGRUS-APP\AMBER_SQL","TMP_DB_For_FTP","sa","wkYi/3NhQLsGNR9IETp8CVJG9YxA9S6IlEOjUK8lntM=","CrSQLDB=Y;DB=TMP_DB_For_FTP;DBMS=MSSQLServer;DBSrvr=LOGRUS-APP\AMBER_SQL;DBUID=sa;Descr=""Веменная база для обмена с фтп"";LicDstr=Y;Locale=ru_RU;Ref=TMP_DB_For_FTP;SLev=0;SQLYOffs=2000;Srvr=LOGRUS-TS",0,
{0,00010101000000,00010101000000,"","",""},1,1,"",0,"","",3123304}
},
{4,
{953c67ce-99cc-4d2d-a342-c5b99639e6df,"LOGRUS-TS",1,0,1000,2f477a9a-d79e-48f8-b35e-731d8284cdf6},
{9a1d3bb2-4e20-4f63-8e4f-40ec99009392,"LOGRUS-TS",1,1,
{3.246308030356186e-1,1.633355244936019e-1,1.347201986816109e-1,0,1.406828664807873e-2,270785,9.968552066726567e-2,1.250679321232712e-2,1506768,0,100,60,4102436118,10555035648,3.143297490300821e-8},1000,2f477a9a-d79e-48f8-b35e-731d8284cdf6},
{d290cff6-36f3-411e-b8f2-ab3dd0af8a49,"LOGRUS-TS",1,0,1000,2f477a9a-d79e-48f8-b35e-731d8284cdf6},
{2edc639e-9e0c-4cbc-aea2-fdb4d452f6ee,"LOGRUS-TS",1,0,1000,2f477a9a-d79e-48f8-b35e-731d8284cdf6}
},
{0},
{1,
{2f477a9a-d79e-48f8-b35e-731d8284cdf6,"Центральный сервер",1540,"LOGRUS-TS",1,
{1,
{1560,1591}
},"","GaKO3WxnubvrDiRDxyzu1g==",0,0,1,128,1000,1,0,1,0,1,1541}
},
{1,
{6520b498-2ba9-4915-899c-4dac9458c916,"Главный менеджер кластера","LOGRUS-TS",1,1,2f477a9a-d79e-48f8-b35e-731d8284cdf6}
},
{0},
{0},
{0},
{0},
{0},
{0,0},0,
{0},
{0},
{0},
{0},
{0},
{0},
{0},
{0},
{0},4194140}