{0,
{6d6958ed-a96c-4999-a995-698a0298161e,"Локальный кластер",1541,"Server_1C",0,0,0,0,0,0,0,
{1,
{"Server_1C",1541}
},0,0,0},
{50,
{feba16a9-3bb0-4fc9-b940-0f1ab933c539,"DEV_AKuznetsov_ACC_Cust2","База А. Кузнецова ""БП"", Cust2","MSSQLServer","Server_1C","DEV_AKuznetsov_ACC_Cust2","_1CSQLUser","Xs3UoAQBASH+TLB9C33pmPgYQ35QfHIWo5DQDEitQ+k=","DB=DEV_AKuznetsov_ACC_Cust2;DBMS=MSSQLServer;DBSrvr=Server_1C;DBUID=_1CSQLUser;Descr=;LicDstr=Y;Locale=ru_RU;Ref=DEV_AKuznetsov_ACC_Cust2;SchJobDn=Y;SLev=0;SQLYOffs=2000;Srvr=Server_1C",0,
{0,00010101000000,00010101000000,"","",""},1,1,"",0,"","",2246},
{aea71760-15b3-485a-9a35-506eb8a0b04a,"DEV_AKuznetsov_TRADE_Cust2","","MSSQLServer","Server_1C","DEV_AKuznetsov_TRADE_Cust2","_1CSQLUser","Xs3UoAQBASH+TLB9C33pmJyOYt6kXULhRagMIMUzjP4=","DB=DEV_AKuznetsov_TRADE_Cust2;DBMS=MSSQLServer;DBSrvr=Server_1C;DBUID=_1CSQLUser;Descr=;LicDstr=Y;Locale=ru_RU;Ref=DEV_AKuznetsov_TRADE_Cust2;SchJobDn=Y;SLev=0;SQLYOffs=2000;Srvr=Server_1C",0,
{0,00010101000000,00010101000000,"","",""},1,1,"",0,"","",1973},
{7e468bc0-01f3-45d1-bed5-d5ec344aefb3,"DEV_AKuznetsov_ACC_Cust1","","MSSQLServer","Server_1C","DEV_AKuznetsov_ACC_Cust1","_1CSQLUser","Xs3UoAQBASH+TLB9C33pmAG03iLF7AOGXGp9zOP3bn0=","CrSQLDB=Y;DB=DEV_AKuznetsov_ACC_Cust1;DBMS=MSSQLServer;DBSrvr=Server_1C;DBUID=_1CSQLUser;LIC=561773544185456441;LicDstr=Y;Locale=ru_RU;Ref=DEV_AKuznetsov_ACC_Cust1;SchJobDn=Y;SLev=0;SQLYOffs=2000;Srvr=Server_1C",0,
{0,00010101000000,00010101000000,"","123456",""},0,1,"",0,"","",287},
{a19e7c59-b01d-4714-9348-988d7d3a12c8,"DEV_AKuznetsov_ACC_Cust41","","MSSQLServer","Server_1C","DEV_AKuznetsov_ACC_Cust41","_1CSQLUser","Xs3UoAQBASH+TLB9C33pmABpkzFQFuUPgPzBioK+5Oc=","CrSQLDB=Y;DB=DEV_AKuznetsov_ACC_Cust41;DBMS=MSSQLServer;DBSrvr=Server_1C;DBUID=_1CSQLUser;Descr=;LicDstr=Y;Locale=ru_RU;Ref=DEV_AKuznetsov_ACC_Cust41;SchJobDn=Y;SLev=0;SQLYOffs=2000;Srvr=Server_1C",0,
{0,00010101000000,00010101000000,"","",""},1,1,"",0,"","",40},
{acca9fbd-4dd5-43fd-9757-cf4a37748695,"DEV_AKuznetsov_ACC_Cust7","","MSSQLServer","Server_1C","DEV_AKuznetsov_ACC_Cust7","_1CSQLUser","Xs3UoAQBASH+TLB9C33pmOl2fD/VJFVMGGyb1qp9jKw=","CrSQLDB=Y;DB=DEV_AKuznetsov_ACC_Cust7;DBMS=MSSQLServer;DBSrvr=Server_1C;DBUID=_1CSQLUser;Descr=;LicDstr=Y;Locale=ru_RU;Ref=DEV_AKuznetsov_ACC_Cust7;SchJobDn=Y;SLev=0;SQLYOffs=2000;Srvr=Server_1C",0,
{0,00010101000000,00010101000000,"","",""},1,1,"",0,"","",2242},
{76e63eea-c3d8-48d7-8e3c-ba80aaedbce9,"DEV_Usr2_TRADE_Cust1","","MSSQLServer","Server_1C","DEV_Usr2_TRADE_Cust1","_1CSQLUser","Xs3UoAQBASH+TLB9C33pmE0q4W3nW9iBjYdLuNSK9lc=","CrSQLDB=Y;DB=DEV_Usr2_TRADE_Cust1;DBMS=MSSQLServer;DBSrvr=Server_1C;DBUID=_1CSQLUser;Descr=;LicDstr=Y;Locale=ru_RU;Ref=DEV_Usr2_TRADE_Cust1;SchJobDn=Y;SLev=0;SQLYOffs=2000;Srvr=Server_1C",0,
{0,00010101000000,00010101000000,"","",""},1,1,"",0,"","",51},
{01e6daec-0461-46d2-b664-08ab5b02e6da,"DEV_Usr2_TRADE_Cust2","","MSSQLServer","Server_1C","DEV_Usr2_TRADE_Cust2","_1CSQLUser","Xs3UoAQBASH+TLB9C33pmHTTHVUNUu570EZ6CDRVG2c=","DB=DEV_Usr2_TRADE_Cust2;DBMS=MSSQLServer;DBSrvr=Server_1C;DBUID=_1CSQLUser;Descr=;LicDstr=Y;Locale=ru_RU;Ref=DEV_Usr2_TRADE_Cust2;SchJobDn=Y;SLev=0;SQLYOffs=2000;Srvr=Server_1C",0,
{0,00010101000000,00010101000000,"","",""},1,1,"",0,"","",83},
{24ec48a1-9ec0-4087-8a53-4d65b8d597eb,"DEV_Usr25_PAYROLL_Cust31","","MSSQLServer","Server_1C","DEV_Usr25_PAYROLL_Cust31","_1CSQLUser","Xs3UoAQBASH+TLB9C33pmInnExFhb4HQ0sbef6PszxI=","DB=DEV_Usr25_PAYROLL_Cust31;DBMS=MSSQLServer;DBSrvr=Server_1C;DBUID=_1CSQLUser;Descr=;LicDstr=Y;Locale=ru_RU;Ref=DEV_Usr25_PAYROLL_Cust31;SchJobDn=Y;SLev=0;SQLYOffs=2000;Srvr=Server_1C",0,
{0,00010101000000,00010101000000,"","",""},1,1,"",0,"","",145},
{f4306d2d-f13f-4203-8da9-b2072ca8dda6,"DEV_AKuznetsov_TRADE_Cust1","","MSSQLServer","Server_1C","DEV_AKuznetsov_TRADE_Cust1","_1CSQLUser","Xs3UoAQBASH+TLB9C33pmOkbdQGD9nvUcUPSx2dTjHk=","DB=DEV_AKuznetsov_TRADE_Cust1;DBMS=MSSQLServer;DBSrvr=Server_1C;DBUID=_1CSQLUser;Descr=;LicDstr=Y;Locale=ru_RU;Ref=DEV_AKuznetsov_TRADE_Cust1;SchJobDn=Y;SLev=0;SQLYOffs=2000;Srvr=Server_1C",0,
{0,00010101000000,00010101000000,"","",""},1,1,"",0,"","",152},
{dba85141-34bb-4e85-be35-4f1c9739c8f8,"DEV_OKuznetsova_ACC_Cust1","","MSSQLServer","Server_1C","DEV_OKuznetsova_ACC_Cust1","_1CSQLUser","Xs3UoAQBASH+TLB9C33pmIbAU4GgXoCihT3dHR3fw8M=","DB=DEV_OKuznetsova_ACC_Cust1;DBMS=MSSQLServer;DBSrvr=Server_1C;DBUID=_1CSQLUser;Descr=;LicDstr=Y;Locale=ru_RU;Ref=DEV_OKuznetsova_ACC_Cust1;SchJobDn=Y;SLev=0;SQLYOffs=2000;Srvr=Server_1C",0,
{0,00010101000000,00010101000000,"","",""},1,1,"",0,"","",154},
{d8ee553b-9701-4d65-b385-599eaf1b3a54,"DEV_OKuznetsova_ACC_Cust2","","MSSQLServer","Server_1C","DEV_OKuznetsova_ACC_Cust2","_1CSQLUser","Xs3UoAQBASH+TLB9C33pmCYRTCy9UeOGHlGlarB+ZOI=","DB=DEV_OKuznetsova_ACC_Cust2;DBMS=MSSQLServer;DBSrvr=Server_1C;DBUID=_1CSQLUser;Descr=;LicDstr=Y;Locale=ru_RU;Ref=DEV_OKuznetsova_ACC_Cust2;SchJobDn=Y;SLev=0;SQLYOffs=2000;Srvr=Server_1C",0,
{0,00010101000000,00010101000000,"","",""},1,1,"",0,"","",167},
{aac7cdb2-30ad-46e7-a8ad-cfd43328dde6,"DEV_OKuznetsova_TRADE_Cust2","","MSSQLServer","Server_1C","DEV_OKuznetsova_TRADE_Cust2","_1CSQLUser","Xs3UoAQBASH+TLB9C33pmCNwQVgJkdQmkGVCJSObF/4=","DB=DEV_OKuznetsova_TRADE_Cust2;DBMS=MSSQLServer;DBSrvr=Server_1C;DBUID=_1CSQLUser;Descr=;LicDstr=Y;Locale=ru_RU;Ref=DEV_OKuznetsova_TRADE_Cust2;SchJobDn=Y;SLev=0;SQLYOffs=2000;Srvr=Server_1C",0,
{0,00010101000000,00010101000000,"","",""},1,1,"",0,"","",168},
{f5fdf246-f3fe-48ef-96e8-835d178ee40e,"DEV_Usr41_ACC_Cust1","","MSSQLServer","Server_1C","DEV_Usr41_ACC_Cust1","_1CSQLUser","Xs3UoAQBASH+TLB9C33pmDtOFPbLz9X+91QOM5mZI6g=","CrSQLDB=Y;DB=DEV_Usr41_ACC_Cust1;DBMS=MSSQLServer;DBSrvr=Server_1C;DBUID=_1CSQLUser;Descr=;LicDstr=Y;Locale=ru_RU;Ref=DEV_Usr41_ACC_Cust1;SchJobDn=Y;SLev=0;SQLYOffs=2000;Srvr=Server_1C",0,
{0,00010101000000,00010101000000,"","",""},1,1,"",0,"","",178},
{bb68ce4b-ebbe-4fdc-b61c-1adf273456fb,"DEV_AKuznetsov_PAYROLL_Cust42","","MSSQLServer","Server_1C","DEV_AKuznetsov_PAYROLL_Cust42","_1CSQLUser","Xs3UoAQBASH+TLB9C33pmACwXD/Cs8p2f0a9GJU+vls=","CrSQLDB=Y;DB=DEV_AKuznetsov_PAYROLL_Cust42;DBMS=MSSQLServer;DBSrvr=Server_1C;DBUID=_1CSQLUser;Descr=;LicDstr=Y;Locale=ru_RU;Ref=DEV_AKuznetsov_PAYROLL_Cust42;SchJobDn=Y;SLev=0;SQLYOffs=2000;Srvr=Server_1C",0,
{0,00010101000000,00010101000000,"","",""},1,1,"",0,"","",180},
{15c45c43-1ab2-4894-8cee-3d0523fcc9e8,"DEV_OKuznetsova_ACC_Cust7","","MSSQLServer","Server_1C","DEV_OKuznetsova_ACC_Cust7","_1CSQLUser","Xs3UoAQBASH+TLB9C33pmAVWZ8AT4QY+AJd6yoCVFLQ=","DB=DEV_OKuznetsova_ACC_Cust7;DBMS=MSSQLServer;DBSrvr=Server_1C;DBUID=_1CSQLUser;Descr=;LicDstr=Y;Locale=ru_RU;Ref=DEV_OKuznetsova_ACC_Cust7;SchJobDn=Y;SLev=0;SQLYOffs=2000;Srvr=Server_1C",0,
{0,00010101000000,00010101000000,"","",""},1,1,"",0,"","",183},
{f70daafe-7f98-46ce-8987-aae264aeb496,"DEV_AKuznetsov_EvtHUB_BIT","","MSSQLServer","Server_1C","DEV_AKuznetsov_EvtHUB_BIT","_1CSQLUser","Xs3UoAQBASH+TLB9C33pmJAni94EWnF1DmzoEK9ylvA=","DB=DEV_AKuznetsov_EvtHUB_BIT;DBMS=MSSQLServer;DBSrvr=Server_1C;DBUID=_1CSQLUser;Descr=;LicDstr=Y;Locale=ru_RU;Ref=DEV_AKuznetsov_EvtHUB_BIT;SchJobDn=Y;SLev=0;SQLYOffs=2000;Srvr=Server_1C",0,
{0,00010101000000,00010101000000,"","",""},0,1,"",0,"","",243},
{7cf1fbed-5ab3-452e-8e82-229da062e51d,"DEV_Usr21_EvtHUB_BIT","","MSSQLServer","Server_1C","DEV_Usr21_EvtHUB_BIT","_1CSQLUser","Xs3UoAQBASH+TLB9C33pmGKC57Q4LAlWtKdENERrJMA=","DB=DEV_Usr21_EvtHUB_BIT;DBMS=MSSQLServer;DBSrvr=Server_1C;DBUID=_1CSQLUser;Descr=;LicDstr=Y;Locale=ru_RU;Ref=DEV_Usr21_EvtHUB_BIT;SchJobDn=Y;SLev=0;SQLYOffs=2000;Srvr=Server_1C",0,
{0,00010101000000,00010101000000,"","",""},1,1,"",0,"","",235},
{0249eb4c-f124-4ca0-908e-59482d91b9c2,"DEV_OKuznetsova_ACC3_Cust2","","MSSQLServer","Server_1C","DEV_OKuznetsova_ACC3_Cust2","_1CSQLUser","Xs3UoAQBASH+TLB9C33pmC+SXx6JFt+vTbnQg4F/T7A=","CrSQLDB=Y;DB=DEV_OKuznetsova_ACC3_Cust2;DBMS=MSSQLServer;DBSrvr=Server_1C;DBUID=_1CSQLUser;Descr=;LicDstr=Y;Locale=ru_RU;Ref=DEV_OKuznetsova_ACC3_Cust2;SchJobDn=Y;SLev=0;SQLYOffs=2000;Srvr=Server_1C",0,
{0,00010101000000,00010101000000,"","",""},1,1,"",0,"","",246},
{e7069de6-bb47-4697-a9b9-52217c5d71d9,"TST_Usr26_ACC_Cust41","","MSSQLServer","Server_1C","TST_Usr26_ACC_Cust41","_1CSQLUser","Xs3UoAQBASH+TLB9C33pmF0h6cZhlYUttB3EjJ3TkHg=","DB=TST_Usr26_ACC_Cust41;DBMS=MSSQLServer;DBSrvr=Server_1C;DBUID=_1CSQLUser;Descr=;LicDstr=Y;Locale=ru_RU;Ref=TST_Usr26_ACC_Cust41;SchJobDn=Y;SLev=0;SQLYOffs=2000;Srvr=Server_1C",0,
{0,00010101000000,00010101000000,"","",""},1,1,"",0,"","",248},
{613441d0-f1f8-4a6c-a3b1-3f12f8d1d67d,"PRD_EvtHUB_OSKK","","MSSQLServer","Server_1C","PRD_EvtHUB_OSKK","_1CSQLUser","Xs3UoAQBASH+TLB9C33pmIt5aRTj9GK3iIokM+N8Ufs=","DB=PRD_EvtHUB_OSKK;DBMS=MSSQLServer;DBSrvr=Server_1C;DBUID=_1CSQLUser;Descr=;LicDstr=Y;Locale=ru_RU;Ref=PRD_EvtHUB_OSKK;SLev=0;SQLYOffs=2000;Srvr=Server_1C",0,
{0,00010101000000,00010101000000,"","",""},0,1,"",0,"","",251},
{07ffd362-7994-42e1-bd39-2c8000b58faa,"DEV_Usr21_TRADE_Cust2","","MSSQLServer","Server_1C","DEV_Usr21_TRADE_Cust2","_1CSQLUser","Xs3UoAQBASH+TLB9C33pmFLH0otJn7n6pQbJdg/EEnE=","DB=DEV_Usr21_TRADE_Cust2;DBMS=MSSQLServer;DBSrvr=Server_1C;DBUID=_1CSQLUser;Descr=;LicDstr=Y;Locale=ru_RU;Ref=DEV_Usr21_TRADE_Cust2;SchJobDn=Y;SLev=0;SQLYOffs=2000;Srvr=Server_1C",0,
{0,00010101000000,00010101000000,"","",""},1,1,"",0,"","",280},
{55139c70-f9cb-43aa-8d57-f0f879faac66,"DEV_Usr2_WMS_Cust23","","MSSQLServer","localhost","DEV_Usr2_WMS_Cust23","_1CSQLUser","Xs3UoAQBASH+TLB9C33pmPyvQ1OugvhOVVWsVAwYj88=","CrSQLDB=Y;DB=DEV_Usr2_WMS_Cust23;DBMS=MSSQLServer;DBSrvr=localhost;DBUID=_1CSQLUser;LIC=4868063675684398712;LicDstr=Y;Locale=ru_RU;Ref=DEV_Usr2_WMS_Cust23;SchJobDn=Y;SLev=0;SQLYOffs=2000;Srvr=localhost",0,
{0,00010101000000,00010101000000,"","",""},1,1,"",0,"","",2245},
{eaaaee61-47b7-4659-9876-c02d7a702120,"DEV_Usr21_ACC_Cust2","","MSSQLServer","Server_1C","DEV_Usr21_ACC_Cust2","_1CSQLUser","Xs3UoAQBASH+TLB9C33pmDoTxfny9xfXjhtkAEuMppg=","CrSQLDB=Y;DB=DEV_Usr21_ACC_Cust2;DBMS=MSSQLServer;DBSrvr=Server_1C;DBUID=_1CSQLUser;Descr=;LicDstr=Y;Locale=ru_RU;Ref=DEV_Usr21_ACC_Cust2;SchJobDn=Y;SLev=0;SQLYOffs=2000;Srvr=Server_1C",0,
{0,00010101000000,00010101000000,"","",""},1,1,"",0,"","",290},
{147269bf-98b7-4576-b88a-4481d06af9c2,"DEV_AKuznetsov_OTRSTaskBoard_OSKK","","MSSQLServer","Server_1C","DEV_AKuznetsov_OTRSTaskBoard_OSKK","_1CSQLUser","Xs3UoAQBASH+TLB9C33pmD6MyzzmrN1Nppk1lT4CVKs=","CrSQLDB=Y;DB=DEV_AKuznetsov_OTRSTaskBoard_OSKK;DBMS=MSSQLServer;DBSrvr=Server_1C;DBUID=_1CSQLUser;LIC=6038151029561226876;LicDstr=Y;Locale=ru_RU;Ref=DEV_AKuznetsov_OTRSTaskBoard_OSKK;SchJobDn=Y;SLev=0;SQLYOffs=2000;Srvr=Server_1C",0,
{0,00010101000000,00010101000000,"","",""},1,1,"",0,"","",291},
{9e850b7c-271d-417d-937d-8c12f9072c84,"DEV_Usr18_ACC_Cust2","","MSSQLServer","Server_1C","DEV_Usr18_ACC_Cust2","_1CSQLUser","Xs3UoAQBASH+TLB9C33pmJ4hB1kOY+X6EIrbWnnju/Q=","CrSQLDB=Y;DB=DEV_Usr18_ACC_Cust2;DBMS=MSSQLServer;DBSrvr=Server_1C;DBUID=_1CSQLUser;Descr=;LicDstr=Y;Locale=ru_RU;Ref=DEV_Usr18_ACC_Cust2;SchJobDn=Y;SLev=0;SQLYOffs=2000;Srvr=Server_1C",0,
{0,00010101000000,00010101000000,"","",""},1,1,"",0,"","",309},
{c5bec295-b1e6-482f-88ba-769a6e8a9ec1,"DEV_Usr17_ACC_Cust15","","MSSQLServer","localhost","DEV_Usr17_ACC_Cust15","_1CSQLUser","Xs3UoAQBASH+TLB9C33pmFJoTUlPJ0YjQKIZ9XysZyY=","CrSQLDB=Y;DB=DEV_Usr17_ACC_Cust15;DBMS=MSSQLServer;DBSrvr=localhost;DBUID=_1CSQLUser;LIC=6043784583528556153;LicDstr=Y;Locale=ru_RU;Ref=DEV_Usr17_ACC_Cust15;SchJobDn=Y;SLev=0;SQLYOffs=2000;Srvr=localhost",0,
{0,00010101000000,00010101000000,"","",""},1,1,"",0,"","",317},
{3ca407ca-a306-4bef-8cdb-c4c6d189f320,"DEV_OKuznetsova_ACC_Cust31","","MSSQLServer","Server_1C","DEV_OKuznetsova_ACC_Cust31","_1CSQLUser","Xs3UoAQBASH+TLB9C33pmIy4ZaVRIujZ6kmyCuIpDMg=","CrSQLDB=Y;DB=DEV_OKuznetsova_ACC_Cust31;DBMS=MSSQLServer;DBSrvr=Server_1C;DBUID=_1CSQLUser;Descr=;LicDstr=Y;Locale=ru_RU;Ref=DEV_OKuznetsova_ACC_Cust31;SchJobDn=Y;SLev=0;SQLYOffs=2000;Srvr=Server_1C",0,
{0,00010101000000,00010101000000,"","",""},1,1,"",0,"","",319},
{7845d7bf-4b96-422d-baf7-987a2ce35c34,"DEV_OKuznetsova_PAYROLL_Cust31","","MSSQLServer","Server_1C","DEV_OKuznetsova_PAYROLL_Cust31","_1CSQLUser","Xs3UoAQBASH+TLB9C33pmItjOd+pm6tQlp5XhZforBI=","CrSQLDB=Y;DB=DEV_OKuznetsova_PAYROLL_Cust31;DBMS=MSSQLServer;DBSrvr=Server_1C;DBUID=_1CSQLUser;Descr=;LicDstr=Y;Locale=ru_RU;Ref=DEV_OKuznetsova_PAYROLL_Cust31;SchJobDn=Y;SLev=0;SQLYOffs=2000;Srvr=Server_1C",0,
{0,00010101000000,00010101000000,"","",""},1,1,"",0,"","",320},
{a39d487c-6f26-4440-aa16-6240808245c1,"DEV_Usr2_TRADE_Cust44","","MSSQLServer","localhost","DEV_Usr2_TRADE_Cust44","_1CSQLUser","Xs3UoAQBASH+TLB9C33pmM4u/TgKUpAkXdTD4vDRCqo=","CrSQLDB=Y;DB=DEV_Usr2_TRADE_Cust44;DBMS=MSSQLServer;DBSrvr=localhost;DBUID=_1CSQLUser;LIC=1409494031710545513;LicDstr=Y;Locale=ru_RU;Ref=DEV_Usr2_TRADE_Cust44;SchJobDn=Y;SLev=0;SQLYOffs=2000;Srvr=localhost",0,
{0,00010101000000,00010101000000,"","",""},1,1,"",0,"","",945},
{4b48fcdf-a41d-4e4f-93c0-185b904843bd,"TMP1_OKuznetsova_ACC_Cust2","","MSSQLServer","Server_1C","TMP1_OKuznetsova_ACC_Cust2","_1CSQLUser","Xs3UoAQBASH+TLB9C33pmJuL3DmrC/jSUinAmzO1tX8=","CrSQLDB=Y;DB=TMP1_OKuznetsova_ACC_Cust2;DBMS=MSSQLServer;DBSrvr=Server_1C;DBUID=_1CSQLUser;Descr=;LicDstr=Y;Locale=ru_RU;Ref=TMP1_OKuznetsova_ACC_Cust2;SchJobDn=Y;SLev=0;SQLYOffs=2000;Srvr=Server_1C",0,
{0,00010101000000,00010101000000,"","",""},1,1,"",0,"","",952},
{ba4e6923-4755-4c41-8412-967b1cae8250,"TMP2_OKuznetsova_ACC_Cust2","","MSSQLServer","Server_1C","TMP2_OKuznetsova_ACC_Cust2","_1CSQLUser","Xs3UoAQBASH+TLB9C33pmMSVWa0/2h879P2FQ/M4+6g=","CrSQLDB=Y;DB=TMP2_OKuznetsova_ACC_Cust2;DBMS=MSSQLServer;DBSrvr=Server_1C;DBUID=_1CSQLUser;Descr=;LicDstr=Y;Locale=ru_RU;Ref=TMP2_OKuznetsova_ACC_Cust2;SchJobDn=Y;SLev=0;SQLYOffs=2000;Srvr=Server_1C",0,
{0,00010101000000,00010101000000,"","",""},1,1,"",0,"","",953},
{26abaa48-ade5-4e71-ba3a-5d44b2517eac,"TMP3_OKuznetsova_ACC_Cust2","","MSSQLServer","Server_1C","TMP3_OKuznetsova_ACC_Cust2","_1CSQLUser","Xs3UoAQBASH+TLB9C33pmN883aJjF61C11uczVwiETc=","CrSQLDB=Y;DB=TMP3_OKuznetsova_ACC_Cust2;DBMS=MSSQLServer;DBSrvr=Server_1C;DBUID=_1CSQLUser;Descr=;LicDstr=Y;Locale=ru_RU;Ref=TMP3_OKuznetsova_ACC_Cust2;SchJobDn=Y;SLev=0;SQLYOffs=2000;Srvr=Server_1C",0,
{0,00010101000000,00010101000000,"","",""},1,1,"",0,"","",954},
{040eef3d-d38d-4922-a093-b9c73892aeb0,"TMP4_OKuznetsova_ACC_Cust2","","MSSQLServer","Server_1C","TMP4_OKuznetsova_ACC_Cust2","_1CSQLUser","Xs3UoAQBASH+TLB9C33pmNcC71c6hoYF5PHwS1a2YQ4=","CrSQLDB=Y;DB=TMP4_OKuznetsova_ACC_Cust2;DBMS=MSSQLServer;DBSrvr=Server_1C;DBUID=_1CSQLUser;Descr=;LicDstr=Y;Locale=ru_RU;Ref=TMP4_OKuznetsova_ACC_Cust2;SchJobDn=Y;SLev=0;SQLYOffs=2000;Srvr=Server_1C",0,
{0,00010101000000,00010101000000,"","",""},1,1,"",0,"","",955},
{250f4047-0737-48db-b380-329688456182,"TMP5_OKuznetsova_ACC_Cust2","","MSSQLServer","Server_1C","TMP5_OKuznetsova_ACC_Cust2","_1CSQLUser","Xs3UoAQBASH+TLB9C33pmGykLAEw6MHLv2lx38t2MxQ=","CrSQLDB=Y;DB=TMP5_OKuznetsova_ACC_Cust2;DBMS=MSSQLServer;DBSrvr=Server_1C;DBUID=_1CSQLUser;Descr=;LicDstr=Y;Locale=ru_RU;Ref=TMP5_OKuznetsova_ACC_Cust2;SchJobDn=Y;SLev=0;SQLYOffs=2000;Srvr=Server_1C",0,
{0,00010101000000,00010101000000,"","",""},1,1,"",0,"","",956},
{a88db81c-a7e5-4851-a64c-524e5a1d73a0,"TMP6_OKuznetsova_ACC_Cust2","","MSSQLServer","Server_1C","TMP6_OKuznetsova_ACC_Cust2","_1CSQLUser","Xs3UoAQBASH+TLB9C33pmCmZhxKklhq9QklJDJMlArk=","CrSQLDB=Y;DB=TMP6_OKuznetsova_ACC_Cust2;DBMS=MSSQLServer;DBSrvr=Server_1C;DBUID=_1CSQLUser;Descr=;LicDstr=Y;Locale=ru_RU;Ref=TMP6_OKuznetsova_ACC_Cust2;SchJobDn=Y;SLev=0;SQLYOffs=2000;Srvr=Server_1C",0,
{0,00010101000000,00010101000000,"","",""},1,1,"",0,"","",957},
{335757cc-54f5-415d-a6c5-0ceb1612ccec,"DEV_Usr25_ACC_Cust51","","MSSQLServer","Server_1C","DEV_Usr25_ACC_Cust51","_1CSQLUser","Xs3UoAQBASH+TLB9C33pmDH6lfA3fXJAsDpztjwb/gM=","CrSQLDB=Y;DB=DEV_Usr25_ACC_Cust51;DBMS=MSSQLServer;DBSrvr=Server_1C;DBUID=_1CSQLUser;Descr=;LicDstr=Y;Locale=ru_RU;Ref=DEV_Usr25_ACC_Cust51;SchJobDn=Y;SLev=0;SQLYOffs=2000;Srvr=Server_1C",0,
{0,00010101000000,00010101000000,"","",""},1,1,"",0,"","",1017},
{3ae8c4f9-0383-42d8-b29c-dfbaa8c5c006,"DEV_Usr26_ACC_Cust52","","MSSQLServer","Server_1C","DEV_Usr26_ACC_Cust52","_1CSQLUser","Xs3UoAQBASH+TLB9C33pmLmjLugAJjoIuB7DRA/StnA=","CrSQLDB=Y;DB=DEV_Usr26_ACC_Cust52;DBMS=MSSQLServer;DBSrvr=Server_1C;DBUID=_1CSQLUser;LIC=1360038020152289080;Locale=ru_RU;Ref=DEV_Usr26_ACC_Cust52;SchJobDn=Y;SQLYOffs=2000;Srvr=Server_1C",0,
{0,00010101000000,00010101000000,"","",""},1,0,"",0,"","",1021},
{a4008ac0-5d17-4003-a1f5-0c49098ede4d,"DEV_Usr18_ACC_Cust56","","MSSQLServer","localhost","DEV_Usr18_ACC_Cust56","_1CSQLUser","Xs3UoAQBASH+TLB9C33pmJNwa5W/wOHllxmJGjJkGS8=","CrSQLDB=Y;DB=DEV_Usr18_ACC_Cust56;DBMS=MSSQLServer;DBSrvr=localhost;DBUID=_1CSQLUser;LIC=1697806806794297976;LicDstr=Y;Locale=ru_RU;Ref=DEV_Usr18_ACC_Cust56;SLev=0;SQLYOffs=2000;Srvr=localhost",0,
{0,00010101000000,00010101000000,"","",""},1,1,"",0,"","",1075},
{707851e7-f07c-4dca-8e3d-57bb2db68055,"DEV_Usr17_ACC_Cust153.0","","MSSQLServer","Server_1C","DEV_Usr17_ACC_Cust153.0","_1CSQLUser","Xs3UoAQBASH+TLB9C33pmOK55b1OV2cnLyKj7ANWIvA=","CrSQLDB=Y;DB=DEV_Usr17_ACC_Cust153.0;DBMS=MSSQLServer;DBSrvr=Server_1C;DBUID=_1CSQLUser;Descr=;LicDstr=Y;Locale=ru_RU;Ref=DEV_Usr17_ACC_Cust153.0;SchJobDn=Y;SLev=0;SQLYOffs=2000;Srvr=Server_1C",0,
{0,00010101000000,00010101000000,"","",""},1,1,"",0,"","",1081},
{099c3d5a-3bb9-4a65-8d19-b5b38c24527d,"DEV_Usr17_ACC_Cust15_PEREHOD","","MSSQLServer","Server_1C","DEV_Usr17_ACC_Cust15_PEREHOD","_1CSQLUser","Xs3UoAQBASH+TLB9C33pmCHfF8Ji4QtlXv4+6Bkr/NA=","CrSQLDB=Y;DB=DEV_Usr17_ACC_Cust15_PEREHOD;DBMS=MSSQLServer;DBSrvr=Server_1C;DBUID=_1CSQLUser;Descr=;LicDstr=Y;Locale=ru_RU;Ref=DEV_Usr17_ACC_Cust15_PEREHOD;SchJobDn=Y;SLev=0;SQLYOffs=2000;Srvr=Server_1C",0,
{0,00010101000000,00010101000000,"","",""},1,1,"",0,"","",1114},
{1d9c17db-56d0-4d60-b3a4-5505863bb04c,"DEV_Usr32_TRADE_Cust2","","MSSQLServer","Server_1C","DEV_Usr32_TRADE_Cust2","_1CSQLUser","Xs3UoAQBASH+TLB9C33pmH9qSaRK7YXO4VYactPSuLQ=","CrSQLDB=Y;DB=DEV_Usr32_TRADE_Cust2;DBMS=MSSQLServer;DBSrvr=Server_1C;DBUID=_1CSQLUser;LIC=567319754971788909;LicDstr=Y;Locale=ru_RU;Ref=DEV_Usr32_TRADE_Cust2;SchJobDn=Y;SLev=0;SQLYOffs=2000;Srvr=Server_1C",0,
{0,00010101000000,00010101000000,"","",""},1,1,"",0,"","",1234},
{936c3b12-328f-41a6-a8b4-3fe7ad6e2608,"DEV_Usr18_ACC_Cust41","","MSSQLServer","Server_1C","DEV_Usr18_ACC_Cust41","_1CSQLUser","Xs3UoAQBASH+TLB9C33pmAWCPrIJ/WDNHsTBb1ATC3o=","CrSQLDB=Y;DB=DEV_Usr18_ACC_Cust41;DBMS=MSSQLServer;DBSrvr=Server_1C;DBUID=_1CSQLUser;Descr=;LicDstr=Y;Locale=ru_RU;Ref=DEV_Usr18_ACC_Cust41;SchJobDn=Y;SLev=0;SQLYOffs=2000;Srvr=Server_1C",0,
{0,00010101000000,00010101000000,"","",""},1,1,"",0,"","",1235},
{20d4233e-879b-49d3-89db-c084232acd73,"DEV_Usr18_TRADE_Cust2","","MSSQLServer","Server_1C","DEV_Usr18_TRADE_Cust2","_1CSQLUser","Xs3UoAQBASH+TLB9C33pmGhLFHvnISCCHZpbMj9Vd1A=","CrSQLDB=Y;DB=DEV_Usr18_TRADE_Cust2;DBMS=MSSQLServer;DBSrvr=Server_1C;DBUID=_1CSQLUser;Descr=;LicDstr=Y;Locale=ru_RU;Ref=DEV_Usr18_TRADE_Cust2;SchJobDn=Y;SLev=0;SQLYOffs=2000;Srvr=Server_1C",0,
{0,00010101000000,00010101000000,"","",""},1,1,"",0,"","",1236},
{fdfb2ac5-9225-4626-a1d0-e89dc0e8fb73,"DEV_Usr28_TRADE_Cust2","","MSSQLServer","Server_1C","DEV_Usr28_TRADE_Cust2","_1CSQLUser","Xs3UoAQBASH+TLB9C33pmL4/ucJI05wvXRrs7dDEdZc=","CrSQLDB=Y;DB=DEV_Usr28_TRADE_Cust2;DBMS=MSSQLServer;DBSrvr=Server_1C;DBUID=_1CSQLUser;Descr=;LicDstr=Y;Locale=ru_RU;Ref=DEV_Usr28_TRADE_Cust2;SchJobDn=Y;SLev=0;SQLYOffs=2000;Srvr=Server_1C",0,
{0,00010101000000,00010101000000,"","",""},1,1,"",0,"","",1312},
{b84cf7ca-59e9-426f-b972-ee40bb4515a4,"DEV_Usr31_TRADE_Cust1","","MSSQLServer","Server_1C","DEV_Usr31_TRADE_Cust1","_1CSQLUser","Xs3UoAQBASH+TLB9C33pmBAZo5vwIHpIOovyRyAsAWU=","CrSQLDB=Y;DB=DEV_Usr31_TRADE_Cust1;DBMS=MSSQLServer;DBSrvr=Server_1C;DBUID=_1CSQLUser;Descr=;LicDstr=Y;Locale=ru_RU;Ref=DEV_Usr31_TRADE_Cust1;SchJobDn=Y;SLev=0;SQLYOffs=2000;Srvr=Server_1C",0,
{0,00010101000000,00010101000000,"","",""},1,1,"",0,"","",1323},
{ba855610-5300-45c4-8663-ce2eed11decd,"DEV_Usr28_TRADE_Cust1","DEV_Usr28_TRADE_Cust1","MSSQLServer","Server_1C","DEV_Usr28_TRADE_Cust1","_1CSQLUser","Xs3UoAQBASH+TLB9C33pmJhmGS9KgvOHXgKYiJF3o3Q=","DB=DEV_Usr28_TRADE_Cust1;DBMS=MSSQLServer;DBSrvr=Server_1C;DBUID=_1CSQLUser;Descr=DEV_Usr28_TRADE_Cust1;LicDstr=Y;Locale=ru_RU;Ref=DEV_Usr28_TRADE_Cust1;SchJobDn=Y;SLev=0;SQLYOffs=2000;Srvr=Server_1C",0,
{0,00010101000000,00010101000000,"","",""},1,1,"",0,"","",1962},
{2d8e8967-6130-48d7-9b01-167bf59065df,"DEV_Usr31_ACC_Cust55","","MSSQLServer","Server_1C","DEV_Usr31_ACC_Cust55","_1CSQLUser","Xs3UoAQBASH+TLB9C33pmCP3TeW/vo8Zqrd3CRyQdcM=","CrSQLDB=Y;DB=DEV_Usr31_ACC_Cust55;DBMS=MSSQLServer;DBSrvr=Server_1C;DBUID=_1CSQLUser;Descr=;LicDstr=Y;Locale=ru_RU;Ref=DEV_Usr31_ACC_Cust55;SchJobDn=Y;SLev=0;SQLYOffs=2000;Srvr=Server_1C",0,
{0,00010101000000,00010101000000,"","",""},1,1,"",0,"","",1992},
{e9396593-f498-46bc-adc8-98eb9df4fc62,"DEV_Usr21_ACC_Cust7","","MSSQLServer","Server_1C","DEV_Usr21_ACC_Cust7","_1CSQLUser","Xs3UoAQBASH+TLB9C33pmBU1e+R/Qrg9fSYQsxWa54s=","CrSQLDB=Y;DB=DEV_Usr21_ACC_Cust7;DBMS=MSSQLServer;DBSrvr=Server_1C;DBUID=_1CSQLUser;Descr=;LicDstr=Y;Locale=ru_RU;Ref=DEV_Usr21_ACC_Cust7;SchJobDn=Y;SLev=0;SQLYOffs=2000;Srvr=Server_1C",0,
{0,00010101000000,00010101000000,"","",""},1,1,"",0,"","",2243},
{e87b185b-1e06-489a-9c0d-e4787e3adcb1,"DEV_Usr31_ACC_Cust7","","MSSQLServer","Server_1C","DEV_Usr31_ACC_Cust7","_1CSQLUser","Xs3UoAQBASH+TLB9C33pmE8r4vSeQivBa4Y33b7tNoQ=","CrSQLDB=Y;DB=DEV_Usr31_ACC_Cust7;DBMS=MSSQLServer;DBSrvr=Server_1C;DBUID=_1CSQLUser;Descr=;LicDstr=Y;Locale=ru_RU;Ref=DEV_Usr31_ACC_Cust7;SchJobDn=Y;SLev=0;SQLYOffs=2000;Srvr=Server_1C",0,
{0,00010101000000,00010101000000,"","",""},1,1,"",0,"","",2244},
{383266fd-9bbc-473b-9369-f26259779c47,"DEV_Usr21_ACC_Cust55","","MSSQLServer","Server_1C","DEV_Usr21_ACC_Cust55","_1CSQLUser","Xs3UoAQBASH+TLB9C33pmAL47coQAXAgW7EHLrRakPo=","CrSQLDB=Y;DB=DEV_Usr21_ACC_Cust55;DBMS=MSSQLServer;DBSrvr=Server_1C;DBUID=_1CSQLUser;Descr=;LicDstr=Y;Locale=ru_RU;Ref=DEV_Usr21_ACC_Cust55;SchJobDn=Y;SLev=0;SQLYOffs=2000;Srvr=Server_1C",0,
{0,00010101000000,00010101000000,"","",""},1,1,"",0,"","",2247}
},
{2,
{04294d92-a9bc-477e-94ae-a1ff18532014,"Server_1C",1,1,
{2.192006028023386e-6,-8.555450902489982e-2,0,0,8.555670103092784e-2,29197,2.000157679167925,0,3747036,0,100,60,2078815626,0,1.631647322567706e-9},1000,48336b15-d0e0-4c1e-9e9c-49fabfbd0ab5},
{01f8afa3-7eb2-43cf-98e3-5103cfe8ba97,"Server_1C",1,0,1000,48336b15-d0e0-4c1e-9e9c-49fabfbd0ab5}
},
{1,
{"admin","","","d37t/eROyhMDYBEB7ij+m0DoqBc=","",1}
},
{1,
{48336b15-d0e0-4c1e-9e9c-49fabfbd0ab5,"Центральный сервер",1540,"Server_1C",1,
{1,
{1560,1591}
},"","HfRA9C7HGvTK6VoeWtjQHg==",0,0,8,128,1000,1,0,1,0,1,1541}
},
{1,
{0e588a25-8354-4344-b935-53442312aa30,"Главный менеджер кластера","Server_1C",1,1,48336b15-d0e0-4c1e-9e9c-49fabfbd0ab5}
},
{0},
{0},
{1,48336b15-d0e0-4c1e-9e9c-49fabfbd0ab5,
{2,2aae9067-8fff-4aa7-a87b-e9c354879029,0,"Connection",0,"DEV_AKuznetsov_TRADE_Cust2",1,2,1,269f9796-a3fa-4370-ae56-558a5d00d6c0,1,0,"test",0,"BacgroundJob",1,1}
},
{0},
{0},
{0,0},0,
{1,48336b15-d0e0-4c1e-9e9c-49fabfbd0ab5,
{2,
{2aae9067-8fff-4aa7-a87b-e9c354879029,0,"Connection",0,"DEV_AKuznetsov_TRADE_Cust2",1,2,1,0},
{269f9796-a3fa-4370-ae56-558a5d00d6c0,1,0,"test",0,"BacgroundJob",1,1,0}
}
},
{0},
{1,
{"Тест","Тест ОК!",0,0,0,0,0,0,0,0,0,0,"",0,"",""}
},
{1,
{"Тест","Каталог1","",0,0,""}
},
{1,
{"Тест","КОМКласс1","",00000000-0000-0000-0000-000000000000,"",""}
},
{1,
{"Тест","Компонент 1",iaKOwtd6TRHQHOq5dTaAQA==,""}
},
{1,
{"Тест","Модуль 1",iaKOwtd6TRHQHOq5dTaAQA==,""}
},
{1,
{"Тест","Приложение1","",""}
},
{1,
{"Тест","ИнтернетРесурс1","",0,"",""}
},2320}